100
100.538
101.925
105.961
108.101
108.749
103.467
105.903
104.09
99.3092
103.08
109.557
113.039
122.358
124.366
126.668
135.166
153.748
162.427
163.971
178.343
165.518
168.974
172.793
179.009
184.03
176.083
177.222
179.116
163.582
168.151
166.037
169.56
171.982
175.519
176.574
178.844
187.837
187.544
189.349
179.533
183.524
178.26
177.507
182.518
190.467
186.352
197.308
203.631
205.737
211.545
230.334
252.259
255.78
247.421
264.922
291.938
294.203
306.379
319.867
349.264
348.126
377.059
409.696
444.776
459.058
463.117
486.321
514.846
567.887
471.629
472.101
501.268
480.208
413.968
418.915
432.833
436.169
493.281
496.982
495.302
506.662
542.474
557.988
561.277
566.136
575.978
582.793
565.487
562.056
492.479
496.511
477.936
487.655
485.985
478.481
507.358
524.767
540.018
565.699
592.061
608.297
608.994
582.465
503.858
543.805
567.136
600.39
610.811
623.195
564.55
559.126
537.716
448.075
475.118
424.374
464.599
492.773
520.351
526.437
490.617
478.515
456.456
392.194
361.761
368
393.221
403.459
396.748
412.942
396.807
350.233
332.684
326.767
320.163
306.832
297.901
300.695
303.076
293.83
289.41
289.915
282.652
282.124
289.484
292.548
288.658
296.136
295.974
299.463
294.943
294.104
297.107
296.817
297.718
304.166
313.624
314.586
293.949
305.275
302.339
314.318
321.864
330.379
348.639
366.106
345.251
349.752
364.279
358.226
356.026
357.44
357.107
350.203
356.873
362.003
374.673
387.858
406.688
413.767
419.523
406.724
379.378
368.098
362.145
352.267
371.855
378.93
350.119
334.053
355.345
367.214
386.945
370.719
400.015
411.151
434.395
403.774
434.574
437.536
400.288
415.112
426.583
429.64
445.859
422.4
409.835
398.748
407.816
432.249
430.913
422.667
438.338
439.417
457.398
469.718
467.933
474.954
432.94
430.483
404.142
387.518
418.144
407.075
416.861
392.097
400.021
352.673
374.138
368.474
396.427
411.79
428.622
428.983
437.392
445.08
470.196
478.605
469.075
460.3
487.306
500.952
512.041
516.443
535.953
564.723
528.827
526.789
546.043
525.209
520.807
543.771
516.545
521.993
528.577
505.525
491.91
493.453
509.895
526.829
548.294
561.48
565.052
585.068
579.34
595.747
574.709
594.064
599.568
601.389
558.914
575.584
585.72
575.81
515.626
534.496
532.52
503.767
532.631
546.948
566.699
583.579
567.689
541.428
534.934
529.302
513.739
521.754
497.028
482.264
484.636
470.421
434.413
463.51
428.734
456.944
468.057
461.182
453.667
457.515
446.617
430.629
410.531
402.569
389.639
370.199
376.137
374.318
380.999
390.665
396.777
411.678
418.003
424.859
431.588
412.373
390.732
409.829
415.571
411.173
406.174
418.888
415.144
406.035
410.275
426.116
408.333
417.911
416.26
413.653
431.219
428.971
409.844
393.941
398.746
416.946
394.871
393.181
375.369
398.492
391.89
364.536
370.334
379.137
386.68
367.346
376.697
356.296
341.94
337.452
315.122
336.653
347.34
346.697
371.527
376.614
378.491
380.197
394.619
393.823
406.819
416.689
404.746
416.371
405.991
399.243
412.169
397.204
385.491
385.956
405.5
393.609
407.513
430.244
437.534
450.444
454.37
428.219
431.391
419.5
409.179
424.738
434.115
446.399
454.423
456.044
454.088
450.723
482.526
466.694
